# JRE version: OpenJDK Runtime Environment (8.0_152-b01) (build 1.8.0_152-release-915-b01)
# Java VM: OpenJDK 64-Bit Server VM (25.152-b01 mixed mode bsd-amd64 compressed oops)
Heap:
 PSYoungGen      total 156160K, used 98729K [0x00000007a0000000, 0x00000007ade00000, 0x00000007c0000000)
  eden space 143360K, 64% used [0x00000007a0000000,0x00000007a5a41b30,0x00000007a8c00000)
  from space 12800K, 49% used [0x00000007a8c00000,0x00000007a92289f8,0x00000007a9880000)
  to   space 12800K, 0% used [0x00000007ad180000,0x00000007ad180000,0x00000007ade00000)
 ParOldGen       total 167936K, used 16829K [0x0000000760000000, 0x000000076a400000, 0x00000007a0000000)
  object space 167936K, 10% used [0x0000000760000000,0x000000076106f788,0x000000076a400000)
 Metaspace       used 39403K, capacity 40212K, committed 40536K, reserved 1085440K
  class space    used 5163K, capacity 5459K, committed 5504K, reserved 1048576K
GC Heap History (10 events):
Event: 2.663 GC heap before
{Heap before GC invocations=5 (full 1):
 PSYoungGen      total 76288K, used 65536K [0x00000007a0000000, 0x00000007a9500000, 0x00000007c0000000)
  eden space 65536K, 100% used [0x00000007a0000000,0x00000007a4000000,0x00000007a4000000)
  from space 10752K, 0% used [0x00000007a4000000,0x00000007a4000000,0x00000007a4a80000)
  to   space 10752K, 0% used [0x00000007a8a80000,0x00000007a8a80000,0x00000007a9500000)
 ParOldGen       total 106496K, used 7334K [0x0000000760000000, 0x0000000766800000, 0x00000007a0000000)
  object space 106496K, 6% used [0x0000000760000000,0x00000007607298e0,0x0000000766800000)
 Metaspace       used 27169K, capacity 27580K, committed 28032K, reserved 1073152K
  class space    used 3667K, capacity 3859K, committed 3968K, reserved 1048576K
Event: 2.674 GC heap after
Heap after GC invocations=5 (full 1):
 PSYoungGen      total 105472K, used 7158K [0x00000007a0000000, 0x00000007a9180000, 0x00000007c0000000)
  eden space 98304K, 0% used [0x00000007a0000000,0x00000007a0000000,0x00000007a6000000)
  from space 7168K, 99% used [0x00000007a8a80000,0x00000007a917d988,0x00000007a9180000)
  to   space 10752K, 0% used [0x00000007a7c80000,0x00000007a7c80000,0x00000007a8700000)
 ParOldGen       total 106496K, used 7342K [0x0000000760000000, 0x0000000766800000, 0x00000007a0000000)
  object space 106496K, 6% used [0x0000000760000000,0x000000076072b8e0,0x0000000766800000)
 Metaspace       used 27169K, capacity 27580K, committed 28032K, reserved 1073152K
  class space    used 3667K, capacity 3859K, committed 3968K, reserved 1048576K
}
Event: 3.578 GC heap before
{Heap before GC invocations=6 (full 1):
 PSYoungGen      total 105472K, used 105462K [0x00000007a0000000, 0x00000007a9180000, 0x00000007c0000000)
  eden space 98304K, 100% used [0x00000007a0000000,0x00000007a6000000,0x00000007a6000000)
  from space 7168K, 99% used [0x00000007a8a80000,0x00000007a917d988,0x00000007a9180000)
  to   space 10752K, 0% used [0x00000007a7c80000,0x00000007a7c80000,0x00000007a8700000)
 ParOldGen       total 106496K, used 7342K [0x0000000760000000, 0x0000000766800000, 0x00000007a0000000)
  object space 106496K, 6% used [0x0000000760000000,0x000000076072b8e0,0x0000000766800000)
 Metaspace       used 30207K, capacity 30858K, committed 31232K, reserved 1077248K
  class space    used 4005K, capacity 4258K, committed 4352K, reserved 1048576K
Event: 3.587 GC heap after
Heap after GC invocations=6 (full 1):
 PSYoungGen      total 138240K, used 7708K [0x00000007a0000000, 0x00000007aa400000, 0x00000007c0000000)
  eden space 127488K, 0% used [0x00000007a0000000,0x00000007a0000000,0x00000007a7c80000)
  from space 10752K, 71% used [0x00000007a7c80000,0x00000007a84072f0,0x00000007a8700000)
  to   space 11776K, 0% used [0x00000007a9880000,0x00000007a9880000,0x00000007aa400000)
 ParOldGen       total 106496K, used 7350K [0x0000000760000000, 0x0000000766800000, 0x00000007a0000000)
  object space 106496K, 6% used [0x0000000760000000,0x000000076072d8e0,0x0000000766800000)
 Metaspace       used 30207K, capacity 30858K, committed 31232K, reserved 1077248K
  class space    used 4005K, capacity 4258K, committed 4352K, reserved 1048576K
}
Event: 4.016 GC heap before
{Heap before GC invocations=7 (full 1):
 PSYoungGen      total 138240K, used 59700K [0x00000007a0000000, 0x00000007aa400000, 0x00000007c0000000)
  eden space 127488K, 40% used [0x00000007a0000000,0x00000007a32c5d58,0x00000007a7c80000)
  from space 10752K, 71% used [0x00000007a7c80000,0x00000007a84072f0,0x00000007a8700000)
  to   space 11776K, 0% used [0x00000007a9880000,0x00000007a9880000,0x00000007aa400000)
 ParOldGen       total 106496K, used 7350K [0x0000000760000000, 0x0000000766800000, 0x00000007a0000000)
  object space 106496K, 6% used [0x0000000760000000,0x000000076072d8e0,0x0000000766800000)
 Metaspace       used 34477K, capacity 35286K, committed 35416K, reserved 1079296K
  class space    used 4669K, capacity 4966K, committed 4992K, reserved 1048576K
Event: 4.027 GC heap after
Heap after GC invocations=7 (full 1):
 PSYoungGen      total 155136K, used 11174K [0x00000007a0000000, 0x00000007ad300000, 0x00000007c0000000)
  eden space 143360K, 0% used [0x00000007a0000000,0x00000007a0000000,0x00000007a8c00000)
  from space 11776K, 94% used [0x00000007a9880000,0x00000007aa3698a0,0x00000007aa400000)
  to   space 12800K, 0% used [0x00000007a8c00000,0x00000007a8c00000,0x00000007a9880000)
 ParOldGen       total 106496K, used 7422K [0x0000000760000000, 0x0000000766800000, 0x00000007a0000000)
  object space 106496K, 6% used [0x0000000760000000,0x000000076073f8f0,0x0000000766800000)
 Metaspace       used 34477K, capacity 35286K, committed 35416K, reserved 1079296K
  class space    used 4669K, capacity 4966K, committed 4992K, reserved 1048576K
}
Event: 4.027 GC heap before
{Heap before GC invocations=8 (full 2):
 PSYoungGen      total 155136K, used 11174K [0x00000007a0000000, 0x00000007ad300000, 0x00000007c0000000)
  eden space 143360K, 0% used [0x00000007a0000000,0x00000007a0000000,0x00000007a8c00000)
  from space 11776K, 94% used [0x00000007a9880000,0x00000007aa3698a0,0x00000007aa400000)
  to   space 12800K, 0% used [0x00000007a8c00000,0x00000007a8c00000,0x00000007a9880000)
 ParOldGen       total 106496K, used 7422K [0x0000000760000000, 0x0000000766800000, 0x00000007a0000000)
  object space 106496K, 6% used [0x0000000760000000,0x000000076073f8f0,0x0000000766800000)
 Metaspace       used 34477K, capacity 35286K, committed 35416K, reserved 1079296K
  class space    used 4669K, capacity 4966K, committed 4992K, reserved 1048576K
Event: 4.077 GC heap after
Heap after GC invocations=8 (full 2):
 PSYoungGen      total 155136K, used 0K [0x00000007a0000000, 0x00000007ad300000, 0x00000007c0000000)
  eden space 143360K, 0% used [0x00000007a0000000,0x00000007a0000000,0x00000007a8c00000)
  from space 11776K, 0% used [0x00000007a9880000,0x00000007a9880000,0x00000007aa400000)
  to   space 12800K, 0% used [0x00000007a8c00000,0x00000007a8c00000,0x00000007a9880000)
 ParOldGen       total 167936K, used 16821K [0x0000000760000000, 0x000000076a400000, 0x00000007a0000000)
  object space 167936K, 10% used [0x0000000760000000,0x000000076106d788,0x000000076a400000)
 Metaspace       used 34407K, capacity 35130K, committed 35416K, reserved 1079296K
  class space    used 4649K, capacity 4914K, committed 4992K, reserved 1048576K
}
Event: 7.417 GC heap before
{Heap before GC invocations=9 (full 2):
 PSYoungGen      total 155136K, used 143360K [0x00000007a0000000, 0x00000007ad300000, 0x00000007c0000000)
  eden space 143360K, 100% used [0x00000007a0000000,0x00000007a8c00000,0x00000007a8c00000)
  from space 11776K, 0% used [0x00000007a9880000,0x00000007a9880000,0x00000007aa400000)
  to   space 12800K, 0% used [0x00000007a8c00000,0x00000007a8c00000,0x00000007a9880000)
 ParOldGen       total 167936K, used 16821K [0x0000000760000000, 0x000000076a400000, 0x00000007a0000000)
  object space 167936K, 10% used [0x0000000760000000,0x000000076106d788,0x000000076a400000)
 Metaspace       used 39316K, capacity 40194K, committed 40536K, reserved 1085440K
  class space    used 5161K, capacity 5456K, committed 5504K, reserved 1048576K
Event: 7.424 GC heap after
Heap after GC invocations=9 (full 2):
 PSYoungGen      total 156160K, used 6306K [0x00000007a0000000, 0x00000007ade00000, 0x00000007c0000000)
  eden space 143360K, 0% used [0x00000007a0000000,0x00000007a0000000,0x00000007a8c00000)
  from space 12800K, 49% used [0x00000007a8c00000,0x00000007a92289f8,0x00000007a9880000)
  to   space 12800K, 0% used [0x00000007ad180000,0x00000007ad180000,0x00000007ade00000)
 ParOldGen       total 167936K, used 16829K [0x0000000760000000, 0x000000076a400000, 0x00000007a0000000)
  object space 167936K, 10% used [0x0000000760000000,0x000000076106f788,0x000000076a400000)
 Metaspace       used 39316K, capacity 40194K, committed 40536K, reserved 1085440K
  class space    used 5161K, capacity 5456K, committed 5504K, reserved 1048576K
}

